 ****** PrimeSim HSPICE -- S-2021.09 win64 (Aug 25 2021 7230000) ******
  Copyright (c) 1986 - 2025 by Synopsys, Inc. All Rights Reserved.
  This software and the associated documentation are proprietary
  to Synopsys, Inc. This software may only be used in accordance
  with the terms and conditions of a written license agreement with
  Synopsys, Inc. All other use, reproduction, or distribution of
  this software is strictly prohibited.
  Input File: decoder3be8.sp                                                    
  Command line options: C:\synopsys\Hspice_S-2021.09\WIN64\hspice.com -i decoder3be8.sp -o G:\vlsi\decoder3be8.lis
  Start time: Thu Jan 30 17:25:02 2025
  lic:  
  lic: FLEXlm: SDK_12.9.6 
  lic: USER:   -                    HOSTNAME: alireza 
  lic: HOSTID: 3c7c3f26db32         PID:      6836 
  lic: Using FLEXlm license file: 
  lic: C:\synopsys\synopsys_lic.dat 
  lic: Checkout 1 hspice 
  lic: License/Maintenance for hspice will expire on 30-dec-2030/2030.12 
  lic: 1(in_use)/99(total) FLOATING license(s) on SERVER C:\synopsys\synopsys_li
 c.dat 
  lic:   
1****** PrimeSim HSPICE -- S-2021.09 win64 (Aug 25 2021 7230000) ******
 ******  
 .decoder3be8

 ****** circuit name directory
 circuit number to circuit name directory
   number circuitname                     definition         multiplier
        0 main circuit
        1 xnota.                          not                1.00 
        2 xnotb.                          not                1.00 
        3 xnotc.                          not                1.00 
        4 xand0.                          nand3              1.00 
        5 xand1.                          nand3              1.00 
        6 xand2.                          nand3              1.00 
        7 xand3.                          nand3              1.00 
        8 xand4.                          nand3              1.00 
        9 xand5.                          nand3              1.00 
       10 xand6.                          nand3              1.00 
       11 xand7.                          nand3              1.00 
       12 xand0.xnot.                     not                1.00 
       13 xand1.xnot.                     not                1.00 
       14 xand2.xnot.                     not                1.00 
       15 xand3.xnot.                     not                1.00 
       16 xand4.xnot.                     not                1.00 
       17 xand5.xnot.                     not                1.00 
       18 xand6.xnot.                     not                1.00 
       19 xand7.xnot.                     not                1.00 
 ******  
 .decoder3be8

 ****** mos   model parameters tnom=  25.000 temp=  25.000 ******
 ***************************************************************************
 ***        model parameters  model name:   0:cmosn            model type:nmos   ***
 ***************************************************************************

   *** general parameters ***
    deriv=   0.           

   ***  level 49  model parameters  ***

       hspver=    2006.03               level=         49         
      version=        3.1            paramchk=          0         
       apwarn=          1                lite=          0         
       vgslim=          0             binUnit=          1         
       capMod=          2               xpart=        0.4         
       mobMod=          1              nqsMod=          0         
       stiMod=          0                 elm=          5         
     sfvtflag=          0                 tox=    7.7e-09 meter   
           xj=      1e-07 meter       binflag=          0         
         lmin=          0 meter          lmax=          0 meter   
         wmin=          0 meter          wmax=          0 meter   
         lref=          0 meter          wref=          0 meter   
         lint=          0 meter          wint=          0 meter   
        lmult=          1               wmult=          1         
           ll=          0                 lln=          1         
           lw=          0                 lwn=          1         
          lwl=          0                  wl=          0         
          wln=          1                  ww=          0         
          wwn=          1                 wwl=          0         
          dwg=          0 m/V             dwb=          0 m/V^1/2 
           xl=          0                  xw=          0         
           a0=   0.909879                 ags=   0.212018 V^-1    
           b0=1.68361e-06 meter            b1=      5e-06 meter   
         keta=     -0.047 V^-1           voff=      -0.08 V       
        ngate=          0 cm^-3           vbx=          0 V       
          vbm=         -3 V                xt=   1.55e-07 meter   
         vth0=   0.504826 V               nch= 2.3579e+17 cm^-3   
         nsub=      6e+16 cm^-3           nlx=1.43087e-07 meter   
       gamma1=          0 V^-1/2       gamma2=          0 V^-1/2  
           k1=    0.55428 V^1/2            k2=  0.0155863         
           k3=    2.34756                 k3b=   -3.31429 V^-1    
           w0=4.14589e-05 meter          dvt0= -0.0150839         
         dvt1= 0.00151022                dvt2=   0.170688 V^-1    
        dvt0w=          0 meter^-1      dvt1w=          0 meter^-1
        dvt2w=          0 V^-1           dsub=       0.56         
         eta0=       0.08                etab=      -0.07 V^-1    
           u0=    415.857 cm^2/V/sec         ua=5.05732e-11 m/V     
           ub=1.49679e-18 (m/V)^2          uc=2.98627e-11 V^-1    
         vsat=     123703 m/sec            a1=          0 v^-1    
           a2=          1               delta=       0.01 V       
         rdsw=          0 ohm-um         prwg=          0 V^-1    
         prwb=          0 V^-1/2           wr=          1         
         pclm=        1.3             pdiblc1=       0.39         
      pdiblc2=     0.0086             pdiblcb=          0 V^-1    
       pscbe1=   4.24e+08 V/m          pscbe2=      1e-05 V/m     
        drout=       0.56                pvag=          0         
      nfactor=          1                cdsc=    0.00024 f/m^2   
        cdscb=          0 f/V/m^2       cdscd=          0 f/V/m^2 
          cit=          0 f/m^2        alpha0=          0 m/V     
        beta0=         30 V               dlc=          0 meter   
          dwc=          0 meter           clc=      1e-07 meter   
          cle=        0.6                cgso=   1.96e-10 f/m     
         cgdo=   1.96e-10 f/m            cgbo=          0 f/m     
         cgsl=          0 f/m            cgdl=          0 f/m     
       ckappa=        0.6                  cf=8.72587e-11 f/m     
         tnom=     300.15 K               kt1=      -0.11 V       
         kt1l=          0                 kt2=      0.022         
          ute=       -1.5                 ua1=   4.31e-09 m/V     
          ub1=  -7.61e-18 (m/V)^2         uc1=   -5.6e-11 m/V^2   
           at=      33000 m/s             prt=          0         
          using Berkeley noise model       noiMod=          1         
         noia=      1e+20                noib=      50000         
         noic=   -1.4e-12                  em=    4.1e+07         
           ef=          1                  af=          1         
           kf=          0              gdsnoi=-1.23457e-29         
          using Hspice diodes            using ACM 
          acm=         3                 hdif=     5e-07 meter    
         ldif=         0 meter             js=         0 amp/m^2  
          jsw=         0 amp/m            xti=         0          
            n=         1                   cj=0.000882997 f/m^2    
           mj=       0.5                   pb=       0.8 V        
         cjsw=         0 f/m             mjsw=  0.187137          
          php=       0.8 V               pbsw (not used)           
       cjgate=         0 f/m            cjswg (not used)           
        mjswg (not used)                 pbswg (not used)           
 ***************************************************************************
 ***        model parameters  model name:   0:cmosp            model type:pmos   ***
 ***************************************************************************

   *** general parameters ***
    deriv=   0.           

   ***  level 49  model parameters  ***

       hspver=    2006.03               level=         49         
      version=        3.1            paramchk=          0         
       apwarn=          1                lite=          0         
       vgslim=          0             binUnit=          1         
       capMod=          2               xpart=        0.4         
       mobMod=          1              nqsMod=          0         
       stiMod=          0                 elm=          5         
     sfvtflag=          0                 tox=    7.7e-09 meter   
           xj=      1e-07 meter       binflag=          0         
         lmin=          0 meter          lmax=          0 meter   
         wmin=          0 meter          wmax=          0 meter   
         lref=          0 meter          wref=          0 meter   
         lint=          0 meter          wint=          0 meter   
        lmult=          1               wmult=          1         
           ll=          0                 lln=          1         
           lw=          0                 lwn=          1         
          lwl=          0                  wl=          0         
          wln=          1                  ww=          0         
          wwn=          1                 wwl=          0         
          dwg=          0 m/V             dwb=          0 m/V^1/2 
           xl=          0                  xw=          0         
           a0=   0.987125                 ags=   0.354197 V^-1    
           b0=3.18809e-06 meter            b1=      5e-06 meter   
         keta=     -0.047 V^-1           voff=      -0.08 V       
        ngate=          0 cm^-3           vbx=          0 V       
          vbm=         -3 V                xt=   1.55e-07 meter   
         vth0=  -0.689799 V               nch=   8.52e+16 cm^-3   
         nsub=      6e+16 cm^-3           nlx=3.09622e-07 meter   
       gamma1=          0 V^-1/2       gamma2=          0 V^-1/2  
           k1=   0.413429 V^1/2            k2=-0.00534299         
           k3=    24.8362                 k3b=   -1.43908 V^-1    
           w0=2.46769e-06 meter          dvt0=    1.32098         
         dvt1=   0.469596                dvt2=-0.000879076 V^-1    
        dvt0w=          0 meter^-1      dvt1w=          0 meter^-1
        dvt2w=          0 V^-1           dsub=       0.56         
         eta0=       0.08                etab=      -0.07 V^-1    
           u0=    150.628 cm^2/V/sec         ua=2.01694e-10 m/V     
           ub=1.71492e-18 (m/V)^2          uc=-1.36948e-11 V^-1    
         vsat=    95592.2 m/sec            a1=          0 v^-1    
           a2=          1               delta=       0.01 V       
         rdsw=          0 ohm-um         prwg=          0 V^-1    
         prwb=          0 V^-1/2           wr=          1         
         pclm=        1.3             pdiblc1=       0.39         
      pdiblc2=     0.0086             pdiblcb=          0 V^-1    
       pscbe1=   4.24e+08 V/m          pscbe2=      1e-05 V/m     
        drout=       0.56                pvag=          0         
      nfactor=          1                cdsc=    0.00024 f/m^2   
        cdscb=          0 f/V/m^2       cdscd=          0 f/V/m^2 
          cit=          0 f/m^2        alpha0=          0 m/V     
        beta0=         30 V               dlc=          0 meter   
          dwc=          0 meter           clc=      1e-07 meter   
          cle=        0.6                cgso=  2.307e-10 f/m     
         cgdo=  2.307e-10 f/m            cgbo=          0 f/m     
         cgsl=          0 f/m            cgdl=          0 f/m     
       ckappa=        0.6                  cf=8.72587e-11 f/m     
         tnom=     300.15 K               kt1=      -0.11 V       
         kt1l=          0                 kt2=      0.022         
          ute=       -1.5                 ua1=   4.31e-09 m/V     
          ub1=  -7.61e-18 (m/V)^2         uc1=   -5.6e-11 m/V^2   
           at=      33000 m/s             prt=          0         
          using Berkeley noise model       noiMod=          1         
         noia=    9.9e+18                noib=       2400         
         noic=    1.4e-12                  em=    4.1e+07         
           ef=          1                  af=          1         
           kf=          0              gdsnoi=-1.23457e-29         
          using Hspice diodes            using ACM 
          acm=         3                 hdif=     5e-07 meter    
         ldif=         0 meter             js=         0 amp/m^2  
          jsw=         0 amp/m            xti=         0          
            n=         1                   cj=0.00139765 f/m^2    
           mj=       0.5                   pb=       0.8 V        
         cjsw=         0 f/m             mjsw=  0.339933          
          php=       0.8 V               pbsw (not used)           
       cjgate=         0 f/m            cjswg (not used)           
        mjswg (not used)                 pbswg (not used)           
 

  
      
 **info** set option symb=1 internally to help for convergence.
 *****************************************************************
 ******  option summary
 ******
 runlvl  = 3         bypass  = 2.0000    
  Opening plot unit= 79
 file=G:\vlsi\decoder3be8.pa0

 **info** dc convergence successful at Newton-Raphson method 
 ******  
 .decoder3be8

 ****** operating point information tnom=  25.000 temp=  25.000 ******
 ****** operating point status is voltage   simulation time is     0.     
     node    =voltage       node    =voltage       node    =voltage

 + 0:a       =   3.3000   0:abar    =   9.1122n  0:b       =   3.3000 
 + 0:bbar    =   9.1122n  0:c       =   3.3000   0:cbar    =   9.1122n
 + 0:d0      =   9.1122n  0:d1      =   9.1122n  0:d2      =   9.1122n
 + 0:d3      =   9.1122n  0:d4      =   9.1122n  0:d5      =   9.1122n
 + 0:d6      =   9.1122n  0:d7      =   3.3000   0:vdd     =   3.3000 
 + 4:1       = 870.8549m  4:2       = 183.6352m  4:out     =   3.3000 
 + 5:1       = 784.4931m  5:2       =   1.3068n  5:out     =   3.3000 
 + 6:1       = 524.8178m  6:2       = 524.8178m  6:out     =   3.3000 
 + 7:1       =   9.9994n  7:2       =   4.9997n  7:out     =   3.3000 
 + 8:1       =   2.5724   8:2       = 604.4858m  8:out     =   3.3000 
 + 9:1       =   2.5688   9:2       =   3.8915n  9:out     =   3.3000 
 +10:1       =   2.5536  10:2       =   2.5358  10:out     =   3.3000 
 +11:1       =  54.6732n 11:2       =  27.3366n 11:out     =  82.0099n


          ***** job concluded
 ******  
 .decoder3be8

 ****** job statistics summary tnom=  25.000 temp=  25.000 ******

  ******  PrimeSim HSPICE Threads Information  ******

  Command Line Threads Count :     1
  Available CPU Count        :     6
  Actual Threads Count       :     1


  ******  Circuit Statistics  ******
  # nodes       =      40 # elements   =      93
  # resistors   =       0 # capacitors =      19 # inductors   =       0
  # mutual_inds =       0 # vccs       =       0 # vcvs        =       0
  # cccs        =       0 # ccvs       =       0 # volt_srcs   =       4
  # curr_srcs   =       0 # diodes     =       0 # bjts        =       0
  # jfets       =       0 # mosfets    =      70 # U elements  =       0
  # T elements  =       0 # W elements =       0 # B elements  =       0
  # S elements  =       0 # P elements =       0 # va device   =       0
  # vector_srcs =       0 # N elements =       0


  ******  Runtime Statistics (seconds)  ******

  analysis           time    # points   tot. iter  conv.iter
  op point           0.00           1          27
  transient          0.00 1.00000E+09          72          36 rev=         0
  readin             0.01
  errchk             0.00
  setup              0.00
  output             0.00


           peak memory used         87.20 megabytes
           total cpu time            0.02 seconds
           total elapsed time        7.55 seconds
           job started at     17:25:02 01/30/2025
           job ended   at     17:25:09 01/30/2025
           job total runtime         7.55 seconds


  lic: Release hspice token(s) 
 lic: total license checkout elapse time:        7.52(s)
